<?xml version="1.0" encoding="UTF-8"?>
<!-- Generated by org.testng.reporters.JUnitXMLReporter -->
<testsuite hostname="BDC6-DX-6BP8NK2" ignored="1" name="Test" tests="14" failures="2" timestamp="2019-09-17T15:34:46 IST" time="0.099" errors="0">
  <testcase name="NG" time="0.006" classname="day1_selenium.NewTest2"/>
  <testcase name="Homepage" time="0.001" classname="day1_selenium.NewTest2"/>
  <testcase name="Register" time="0.002" classname="day1_selenium.NewTest2"/>
  <testcase name="Logout" time="0.001" classname="day1_selenium.NewTest2"/>
  <testcase name="Nothing" time="0.001" classname="day1_selenium.NewTest2"/>
  <testcase name="f" time="0.009" classname="day1_selenium.SoftAss"/>
  <testcase name="f" time="0.001" classname="day1_selenium.NewTest"/>
  <testcase name="f2" time="0.001" classname="day1_selenium.NewTest"/>
  <testcase name="f" time="0.002" classname="day1_selenium.Assesrt">
    <failure type="java.lang.AssertionError" message="did not expect to find [true] but found [false]">
      <![CDATA[java.lang.AssertionError: did not expect to find [true] but found [false]
at day1_selenium.Assesrt.f(Assesrt.java:9)
at java.util.ArrayList.forEach(ArrayList.java:1257)
... Removed 31 stack frames]]>
    </failure>
  </testcase> <!-- f -->
  <testcase name="f1" time="0.001" classname="day1_selenium.Assesrt"/>
  <testcase name="f2" time="0.001" classname="day1_selenium.Assesrt"/>
  <testcase name="f3" time="0.0" classname="day1_selenium.Assesrt"/>
  <testcase name="f4" time="0.001" classname="day1_selenium.Assesrt"/>
  <testcase name="f5" time="0.001" classname="day1_selenium.Assesrt">
    <failure type="java.lang.AssertionError" message="expected [day1_selenium.Assesrt@150c158] but found [day1_selenium.Assesrt@4524411f]">
      <![CDATA[java.lang.AssertionError: expected [day1_selenium.Assesrt@150c158] but found [day1_selenium.Assesrt@4524411f]
at day1_selenium.Assesrt.f5(Assesrt.java:35)
at java.util.ArrayList.forEach(ArrayList.java:1257)
... Removed 31 stack frames]]>
    </failure>
  </testcase> <!-- f5 -->
  <testcase name="Login" time="0.0" classname="day1_selenium.NewTest2">
    <ignored/>
  </testcase> <!-- Login -->
</testsuite> <!-- Test -->
